<?xml version="1.0" encoding="UTF-8"?>
<!-- Generated by org.testng.reporters.JUnitReportReporter -->
<testsuite skipped="0" hostname="DESKTOP-4PTBQ99" name="BasicSeleniumTest.VerifyAllObjectsInPage" tests="2" failures="0" timestamp="31 Mar 2018 10:13:48 GMT" time="18.368" errors="0">
  <testcase name="TestVerifyAllObjectsInPage" time="8.320" classname="BasicSeleniumTest.VerifyAllObjectsInPage"/>
  <testcase name="AllUrlsOfPages" time="10.048" classname="BasicSeleniumTest.VerifyAllObjectsInPage"/>
</testsuite> <!-- BasicSeleniumTest.VerifyAllObjectsInPage -->
