<?xml version="1.0" encoding="UTF-8"?>
<!-- Generated by org.testng.reporters.JUnitReportReporter -->
<testsuite skipped="0" hostname="DESKTOP-4PTBQ99" name="InvocationCount" tests="6" failures="0" timestamp="06 Feb 2018 16:54:22 GMT" time="0.217" errors="0">
  <testcase name="SerachText" time="0.007" classname="InvocationCount"/>
  <testcase name="SerachText" time="0.009" classname="InvocationCount"/>
  <testcase name="SerachText" time="0.007" classname="InvocationCount"/>
  <testcase name="SerachText" time="0.054" classname="InvocationCount"/>
  <testcase name="SerachText" time="0.043" classname="InvocationCount"/>
  <testcase name="test" time="0.097" classname="InvocationCount"/>
</testsuite> <!-- InvocationCount -->
