<?xml version="1.0" encoding="UTF-8"?>
<!-- Generated by org.testng.reporters.JUnitReportReporter -->
<testsuite skipped="0" hostname="DESKTOP-4PTBQ99" name="BasicSeleniumTest.VerifyPageTitle" tests="2" failures="0" timestamp="31 Mar 2018 10:13:49 GMT" time="16.036" errors="0">
  <testcase name="TestVerifyPageTitlewithBoolean" time="8.178" classname="BasicSeleniumTest.VerifyPageTitle"/>
  <testcase name="TestVerifyPageTitle" time="7.858" classname="BasicSeleniumTest.VerifyPageTitle"/>
</testsuite> <!-- BasicSeleniumTest.VerifyPageTitle -->
