<?xml version="1.0" encoding="UTF-8"?>
<!-- Generated by org.testng.reporters.JUnitReportReporter -->
<testsuite skipped="0" hostname="DESKTOP-4PTBQ99" name="BasicSeleniumTest.VerifyCurrentPageUrl" tests="3" failures="0" timestamp="31 Mar 2018 10:13:49 GMT" time="24.379" errors="0">
  <testcase name="verifyCurrentPageUrlTestwithString" time="7.873" classname="BasicSeleniumTest.VerifyCurrentPageUrl"/>
  <testcase name="VerfyCurrentPageUrl3" time="8.485" classname="BasicSeleniumTest.VerifyCurrentPageUrl"/>
  <testcase name="verifyCurrentPageUrlTest" time="8.021" classname="BasicSeleniumTest.VerifyCurrentPageUrl"/>
</testsuite> <!-- BasicSeleniumTest.VerifyCurrentPageUrl -->
