<?xml version="1.0" encoding="UTF-8"?>
<!-- Generated by org.testng.reporters.JUnitReportReporter -->
<testsuite skipped="0" hostname="DESKTOP-4PTBQ99" name="SampleTests.InvocationCount" tests="6" failures="0" timestamp="06 Feb 2018 17:48:03 GMT" time="0.084" errors="0">
  <testcase name="SerachText" time="0.041" classname="SampleTests.InvocationCount"/>
  <testcase name="SerachText" time="0.004" classname="SampleTests.InvocationCount"/>
  <testcase name="test" time="0.026" classname="SampleTests.InvocationCount"/>
  <testcase name="SerachText" time="0.007" classname="SampleTests.InvocationCount"/>
  <testcase name="SerachText" time="0.003" classname="SampleTests.InvocationCount"/>
  <testcase name="SerachText" time="0.003" classname="SampleTests.InvocationCount"/>
</testsuite> <!-- SampleTests.InvocationCount -->
