<?xml version="1.0" encoding="UTF-8"?>
<!-- Generated by org.testng.reporters.JUnitReportReporter -->
<testsuite skipped="0" hostname="DESKTOP-4PTBQ99" name="BasicSeleniumTest.VerifyPopUpText" tests="1" failures="0" timestamp="28 Mar 2018 17:18:19 GMT" time="14.255" errors="0">
  <testcase name="TestVerifyPopUpText" time="14.255" classname="BasicSeleniumTest.VerifyPopUpText"/>
</testsuite> <!-- BasicSeleniumTest.VerifyPopUpText -->
