<?xml version="1.0" encoding="UTF-8"?>
<!-- Generated by org.testng.reporters.JUnitReportReporter -->
<testsuite skipped="0" hostname="DESKTOP-4PTBQ99" name="BasicSeleniumTest.TotalFrames" tests="2" failures="0" timestamp="31 Mar 2018 10:13:49 GMT" time="27.722" errors="0">
  <testcase name="TestTotalFramesWithNames" time="14.509" classname="BasicSeleniumTest.TotalFrames"/>
  <testcase name="TestTotalFrames" time="13.213" classname="BasicSeleniumTest.TotalFrames"/>
</testsuite> <!-- BasicSeleniumTest.TotalFrames -->
