<?xml version="1.0" encoding="UTF-8"?>
<!-- Generated by org.testng.reporters.JUnitReportReporter -->
<testsuite skipped="0" hostname="DESKTOP-4PTBQ99" name="firstTest" tests="1" failures="0" timestamp="23 Nov 2017 16:48:07 GMT" time="0.037" errors="0">
  <testcase name="test" time="0.037" classname="firstTest"/>
</testsuite> <!-- firstTest -->
