<?xml version="1.0" encoding="UTF-8"?>
<!-- Generated by org.testng.reporters.JUnitReportReporter -->
<testsuite skipped="0" hostname="DESKTOP-4PTBQ99" name="BasicSeleniumTest.GetBrowserTypeVersion" tests="1" failures="0" timestamp="25 Mar 2018 09:48:53 GMT" time="6.322" errors="0">
  <testcase name="TestBrowserTypeVersion" time="6.322" classname="BasicSeleniumTest.GetBrowserTypeVersion"/>
</testsuite> <!-- BasicSeleniumTest.GetBrowserTypeVersion -->
