<?xml version="1.0" encoding="UTF-8"?>
<!-- Generated by org.testng.reporters.JUnitReportReporter -->
<testsuite skipped="0" hostname="DESKTOP-4PTBQ99" name="TestNGgroups" tests="5" failures="0" timestamp="06 Feb 2018 15:32:03 GMT" time="0.066" errors="0">
  <testcase name="Searchtest" time="0.008" classname="TestNGgroups"/>
  <testcase name="logtest" time="0.012" classname="TestNGgroups"/>
  <testcase name="SignUptest" time="0.007" classname="TestNGgroups"/>
  <testcase name="Regtest" time="0.025" classname="TestNGgroups"/>
  <testcase name="logintest" time="0.014" classname="TestNGgroups"/>
</testsuite> <!-- TestNGgroups -->
