<?xml version="1.0" encoding="UTF-8"?>
<!-- Generated by org.testng.reporters.JUnitReportReporter -->
<testsuite skipped="0" hostname="DESKTOP-4PTBQ99" name="BasicSeleniumTest.VerifyImgsOfPages" tests="1" failures="0" timestamp="31 Mar 2018 10:13:49 GMT" time="14.488" errors="0">
  <testcase name="TestVerifyImagesOfPages" time="14.488" classname="BasicSeleniumTest.VerifyImgsOfPages"/>
</testsuite> <!-- BasicSeleniumTest.VerifyImgsOfPages -->
