<?xml version="1.0" encoding="UTF-8"?>
<!-- Generated by org.testng.reporters.JUnitReportReporter -->
<testsuite skipped="0" hostname="DESKTOP-4PTBQ99" name="BasicSeleniumTest.GetSizeOfElement" tests="1" failures="0" timestamp="26 Mar 2018 18:18:23 GMT" time="16.188" errors="0">
  <testcase name="TestGetSizeOfElement" time="16.188" classname="BasicSeleniumTest.GetSizeOfElement"/>
</testsuite> <!-- BasicSeleniumTest.GetSizeOfElement -->
