<?xml version="1.0" encoding="UTF-8"?>
<!-- Generated by org.testng.reporters.JUnitReportReporter -->
<testsuite skipped="2" hostname="DESKTOP-4PTBQ99" name="SampleTests.IgnoreTestCases" tests="5" failures="0" timestamp="06 Feb 2018 17:48:03 GMT" time="0.040" errors="0">
  <testcase name="test1" time="0.030" classname="SampleTests.IgnoreTestCases"/>
  <testcase name="test2" time="0.003" classname="SampleTests.IgnoreTestCases"/>
  <testcase name="test4" time="0.007" classname="SampleTests.IgnoreTestCases"/>
  <testcase name="test5" classname="SampleTests.IgnoreTestCases">
    <skipped/>
  </testcase> <!-- test5 -->
  <testcase name="test3" classname="SampleTests.IgnoreTestCases">
    <skipped/>
  </testcase> <!-- test3 -->
</testsuite> <!-- SampleTests.IgnoreTestCases -->
