<?xml version="1.0" encoding="UTF-8"?>
<!-- Generated by org.testng.reporters.JUnitReportReporter -->
<testsuite skipped="0" hostname="DESKTOP-4PTBQ99" name="SampleTests.getcurrentUrl" tests="1" failures="0" timestamp="14 Mar 2018 16:38:32 GMT" time="16.887" errors="0">
  <testcase name="CurrentUrl" time="16.887" classname="SampleTests.getcurrentUrl"/>
</testsuite> <!-- SampleTests.getcurrentUrl -->
