<?xml version="1.0" encoding="UTF-8"?>
<!-- Generated by org.testng.reporters.JUnitReportReporter -->
<testsuite skipped="0" hostname="DESKTOP-4PTBQ99" name="CurrentURL" tests="1" failures="0" timestamp="06 Feb 2018 15:14:12 GMT" time="22.021" errors="0">
  <testcase name="test2" time="22.021" classname="CurrentURL"/>
</testsuite> <!-- CurrentURL -->
