<?xml version="1.0" encoding="UTF-8"?>
<!-- Generated by org.testng.reporters.JUnitReportReporter -->
<testsuite skipped="0" hostname="DESKTOP-4PTBQ99" name="SampleTests.TestNGgroups" tests="5" failures="0" timestamp="06 Feb 2018 17:48:03 GMT" time="0.014" errors="0">
  <testcase name="logintest" time="0.003" classname="SampleTests.TestNGgroups"/>
  <testcase name="SignUptest" time="0.003" classname="SampleTests.TestNGgroups"/>
  <testcase name="Regtest" time="0.003" classname="SampleTests.TestNGgroups"/>
  <testcase name="Searchtest" time="0.004" classname="SampleTests.TestNGgroups"/>
  <testcase name="logtest" time="0.001" classname="SampleTests.TestNGgroups"/>
</testsuite> <!-- SampleTests.TestNGgroups -->
