<?xml version="1.0" encoding="UTF-8"?>
<!-- Generated by org.testng.reporters.JUnitReportReporter -->
<testsuite skipped="0" hostname="DESKTOP-4PTBQ99" name="BasicSeleniumTest.WindowHandle" tests="1" failures="0" timestamp="29 Mar 2018 18:16:02 GMT" time="32.150" errors="0">
  <testcase name="TestWindowHandle" time="32.150" classname="BasicSeleniumTest.WindowHandle"/>
</testsuite> <!-- BasicSeleniumTest.WindowHandle -->
