<?xml version="1.0" encoding="UTF-8"?>
<!-- Generated by org.testng.reporters.JUnitReportReporter -->
<testsuite skipped="0" hostname="DESKTOP-4PTBQ99" name="BasicSeleniumTest.TakeScreenShot" tests="1" failures="0" timestamp="25 Mar 2018 10:19:30 GMT" time="11.341" errors="0">
  <testcase name="TestScreenShot" time="11.341" classname="BasicSeleniumTest.TakeScreenShot"/>
</testsuite> <!-- BasicSeleniumTest.TakeScreenShot -->
