<?xml version="1.0" encoding="UTF-8"?>
<!-- Generated by org.testng.reporters.JUnitReportReporter -->
<testsuite skipped="0" hostname="DESKTOP-4PTBQ99" name="SampleTests.SampleBeforeAfter" tests="1" failures="0" timestamp="14 Mar 2018 17:53:37 GMT" time="0.036" errors="0">
  <testcase name="demoTest1" time="0.036" classname="SampleTests.SampleBeforeAfter"/>
</testsuite> <!-- SampleTests.SampleBeforeAfter -->
