<?xml version="1.0" encoding="UTF-8"?>
<!-- Generated by org.testng.reporters.JUnitReportReporter -->
<testsuite skipped="0" hostname="DESKTOP-4PTBQ99" name="BasicSeleniumTest.VerifyTextPresentWebPage" tests="2" failures="0" timestamp="25 Mar 2018 16:53:52 GMT" time="22.731" errors="0">
  <testcase name="TestVerfifyTextPresentinWebPage" time="8.397" classname="BasicSeleniumTest.VerifyTextPresentWebPage"/>
  <testcase name="VerifyText" time="14.334" classname="BasicSeleniumTest.VerifyTextPresentWebPage"/>
</testsuite> <!-- BasicSeleniumTest.VerifyTextPresentWebPage -->
