<?xml version="1.0" encoding="UTF-8"?>
<!-- Generated by org.testng.reporters.JUnitReportReporter -->
<testsuite skipped="0" hostname="DESKTOP-4PTBQ99" name="SampleTests.CurrentURL" tests="1" failures="0" timestamp="14 Mar 2018 16:00:47 GMT" time="35.012" errors="0">
  <testcase name="test2" time="35.012" classname="SampleTests.CurrentURL"/>
</testsuite> <!-- SampleTests.CurrentURL -->
