<?xml version="1.0" encoding="UTF-8"?>
<!-- Generated by org.testng.reporters.JUnitReportReporter -->
<testsuite skipped="2" hostname="DESKTOP-4PTBQ99" name="IgnoreTestCases" tests="5" failures="0" timestamp="06 Feb 2018 16:44:08 GMT" time="0.029" errors="0">
  <testcase name="test2" time="0.002" classname="IgnoreTestCases"/>
  <testcase name="test4" time="0.002" classname="IgnoreTestCases"/>
  <testcase name="test1" time="0.025" classname="IgnoreTestCases"/>
  <testcase name="test5" classname="IgnoreTestCases">
    <skipped/>
  </testcase> <!-- test5 -->
  <testcase name="test3" classname="IgnoreTestCases">
    <skipped/>
  </testcase> <!-- test3 -->
</testsuite> <!-- IgnoreTestCases -->
