<?xml version="1.0" encoding="UTF-8"?>
<!-- Generated by org.testng.reporters.JUnitReportReporter -->
<testsuite skipped="0" hostname="DESKTOP-4PTBQ99" name="BasicSeleniumTest.TableRowCount" tests="1" failures="0" timestamp="25 Mar 2018 08:46:47 GMT" time="13.313" errors="0">
  <testcase name="TestTotalRowCount" time="13.313" classname="BasicSeleniumTest.TableRowCount"/>
</testsuite> <!-- BasicSeleniumTest.TableRowCount -->
