<?xml version="1.0" encoding="UTF-8"?>
<!-- Generated by org.testng.reporters.JUnitReportReporter -->
<testsuite skipped="0" hostname="DESKTOP-4PTBQ99" name="FirstTestNGone" tests="1" failures="0" timestamp="06 Feb 2018 15:04:53 GMT" time="21.311" errors="0">
  <testcase name="test2" time="21.311" classname="FirstTestNGone"/>
</testsuite> <!-- FirstTestNGone -->
