<?xml version="1.0" encoding="UTF-8"?>
<!-- Generated by org.testng.reporters.JUnitReportReporter -->
<testsuite skipped="0" hostname="DESKTOP-4PTBQ99" name="BasicSeleniumTest.ReadfontProperties" tests="1" failures="0" timestamp="25 Mar 2018 09:16:26 GMT" time="12.817" errors="0">
  <testcase name="TestReadFontProperties" time="12.817" classname="BasicSeleniumTest.ReadfontProperties"/>
</testsuite> <!-- BasicSeleniumTest.ReadfontProperties -->
